2023-05-20 12:55:03.540 WARN libraryItem.Book 51 setISBN - Please check the ISBN: ISBN is not valid
2023-05-20 12:55:03.542 WARN libraryItem.Book 53 setISBN - An issue occurred
exceptions.InvalidISBNFormatException: ISBN should contain only digits
	at libraryItem.Book.checkISBN(Book.java:78) ~[classes/:?]
	at libraryItem.Book.setISBN(Book.java:48) [classes/:?]
	at Main.main(Main.java:71) [classes/:?]
2023-05-20 12:55:03.548 INFO libraryItem.LibraryItem 229 printItemJSON - {
 "id": 1, 
 "type": "libraryItem.Book", 
 "title": "To the Lighthouse", 
 "author": "Virginia Woolf" 
 "genre": "ROMANCE",
 "isbn": "9780306406157", 
 "available": true, 
 "itemsAvailable": 3 
}
2023-05-20 12:55:03.548 INFO libraryItem.LibraryItem 229 printItemJSON - {
 "id": 1, 
 "type": "libraryItem.CD", 
 "title": "Origins", 
 "author": "Imagine Dragons", 
 "length": "40:02",
 "available": true, 
 "itemsAvailable": 2 
}
2023-05-20 12:55:03.548 INFO user.User 128 printUserInfo - 
----------------------------
Name: Brianna Fuentes, 
Email: briannafue@protonmail.net, 
No borrowed items
2023-05-20 12:55:03.548 INFO user.User 145 printUserJSON - {
 "id": 1, 
 "name": "Brianna Fuentes", 
 "email": "briannafue@protonmail.net", 
 "isStudent": false 
}
2023-05-20 12:55:03.548 INFO Main 82 main - Here 2
2023-05-20 12:55:03.549 INFO Main 83 main - true
2023-05-20 12:55:03.553 INFO Main 89 main - Here 0
2023-05-20 12:55:03.553 INFO Main 90 main - false
2023-05-20 12:55:03.945 INFO apiServiceGetQuote.QuotesApiClient 31 getRandomQuote - 
Inspirational quote for today:
"Chess is not only knowledge and logic." - Alexander Alekhine
2023-05-20 12:55:03.954 INFO Main 94 main - 
----------------------------
Check Out Receipt
Uptown Library
425-778-21-48
www.uptown-library.org
May 20, 2023
Title: To the Lighthouse
Due: June 10, 2023
Total items: 1
You just saved $14.50 by using your library. 
This is suggested retail price of the item(s) checked out.
2023-05-20 12:55:03.955 INFO user.User 128 printUserInfo - 
----------------------------
Name: Brianna Fuentes, 
Email: briannafue@protonmail.net, 
No borrowed items
2023-05-20 12:55:03.955 INFO user.UserSystem 102 printAllUsersNames - The users of the library are: [Brianna Fuentes, Ria Barker, Matthew Simmons, Laura Frederick, Quinn Baldwin]
2023-05-20 12:55:03.955 INFO user.UserSystem 109 printTotalNumberOfUsers - Total number of users: 5
2023-05-20 12:55:03.958 INFO searchService.SearchService 24 findItemByAuthor - Item(s) found are [
Title: The Call of the Wild
Author: Jack London
ISBN: 9788838439018]
2023-05-20 12:55:03.958 INFO searchService.SearchService 35 findItemByTitle - No matching item(s) found. Please check your request.
2023-05-20 12:55:03.958 INFO libraryItem.BookCheckOutStatus 30 printBookCheckouts - Number of book's checkouts by ISBN
2023-05-20 12:55:03.959 INFO libraryItem.BookCheckOutStatus 31 lambda$printBookCheckouts$0 - ISBN 9780306406157: 1
2023-05-20 12:55:03.959 INFO libraryItem.BookCheckOutStatus 31 lambda$printBookCheckouts$0 - ISBN 9788838439018: 2
2023-05-20 12:55:03.959 INFO mediaCenter.MediaCenter 64 printUsageCost - Please pay $6.40 for using media center resources
2023-05-20 12:55:03.960 INFO mediaCenter.MediaCenter 64 printUsageCost - Please pay $5.12 for using media center resources
2023-05-20 12:55:03.961 INFO event.Event 78 printEventAttendees - event.Event attendees are:
2023-05-20 12:55:03.961 INFO user.LinkedListCustom 57 printCustomList - 
----------------------------
Name: Ria Barker, 
Email: riabarker@outlook.ca, 
Borrowed items: The Call of the Wild - Jack London
2023-05-20 12:55:03.961 INFO user.LinkedListCustom 57 printCustomList - 
----------------------------
Name: Brianna Fuentes, 
Email: briannafue@protonmail.net, 
No borrowed items
2023-05-20 12:55:03.962 INFO user.LinkedListCustom 57 printCustomList - 
----------------------------
Name: Matthew Simmons, 
Email: mattsimm@outlook.ca, 
Borrowed items: Origins - Imagine Dragons
2023-05-20 12:55:03.962 WARN user.LinkedListCustom 81 remove - Element is not in the list
2023-05-20 12:55:03.962 INFO event.Event 78 printEventAttendees - event.Event attendees are:
2023-05-20 12:55:03.962 INFO user.LinkedListCustom 57 printCustomList - 
----------------------------
Name: Ria Barker, 
Email: riabarker@outlook.ca, 
Borrowed items: The Call of the Wild - Jack London
2023-05-20 12:55:03.962 INFO user.LinkedListCustom 57 printCustomList - 
----------------------------
Name: Brianna Fuentes, 
Email: briannafue@protonmail.net, 
No borrowed items
2023-05-20 12:55:03.963 WARN libraryItem.Book 106 checkoutBook - This item is not available
2023-05-20 12:55:03.963 INFO Main 146 main - Here 0
2023-05-20 12:55:03.963 INFO Main 147 main - false
2023-05-20 12:55:03.963 INFO libraryItem.LibraryItem 189 placeHold - You successfully placed  a hold on the item 
Title: The Call of the Wild
Author: Jack London
ISBN: 9788838439018
2023-05-20 12:55:03.963 WARN libraryItem.LibraryItem 191 placeHold - This item is available
2023-05-20 12:55:03.963 INFO user.User 92 printItemsBorrowedByUser - user Brianna Fuenteshas borrowed the items: []
2023-05-20 12:55:03.964 INFO user.User 101 printItemsOnHold - user Quinn Baldwin placed a hold on the item: [
Title: The Call of the Wild
Author: Jack London
ISBN: 9788838439018]
2023-05-20 12:55:03.964 INFO Main 154 main - Total books checkouts: 3
2023-05-20 12:55:03.964 INFO Main 157 main - Total items checkouts: 4
2023-05-20 12:55:03.964 INFO librarySystem.LibrarySystem 78 lambda$printQueueItems$0 - 
----------------------------
Name: Quinn Baldwin, 
Email: baldwin77@yahoo.ca, 
Type: libraryItem.Book, 
Title: The Call of the Wild, 
Author: Jack London
Date: 2023-05-20 12:55:03
2023-05-20 12:55:03.964 INFO librarySystem.LibrarySystem 96 notifyUserItemAvailable - Item "The Call of the Wild" by Jack London is available for user Quinn Baldwin
2023-05-20 12:55:03.964 INFO Main 170 main - {1=[], 2=[
Title: The Call of the Wild
Author: Jack London
ISBN: 9788838439018], 3=[
Title: Origins
Author: Imagine Dragons
Length:40:02]}
2023-05-20 12:55:03.975 INFO user.UserSystem 92 getStudentUsers - [
----------------------------
Name: Ria Barker, 
Email: riabarker@outlook.ca, 
Borrowed items: The Call of the Wild - Jack London, 
----------------------------
Name: Matthew Simmons, 
Email: mattsimm@outlook.ca, 
Borrowed items: Origins - Imagine Dragons, 
----------------------------
Name: Quinn Baldwin, 
Email: baldwin77@yahoo.ca, 
No borrowed items]
2023-05-20 12:55:03.975 INFO librarySystem.LibrarySystem 107 getItemsNotAvailable - []
2023-05-20 12:55:03.976 INFO Main 180 main - [To the Lighthouse by Virginia Woolf, The Call of the Wild by Jack London, The Lion, the Witch and the Wardrobe by C.S. Lewis]
2023-05-20 12:55:03.976 INFO searchService.SearchService 48 findItemByTitleAndAuthor - Item(s) found are [
Title: The Call of the Wild
Author: Jack London
ISBN: 9788838439018]
2023-05-20 12:55:03.977 INFO user.UserSystem 80 getUsersWithOverdueItems - No users with overdue items
2023-05-20 12:55:03.977 INFO libraryItem.ChildrensBook 25 checkAgeGroup - This book is suitable for the user's age.
2023-05-20 12:55:03.977 INFO Main 186 main - 52
2023-05-20 12:55:03.977 INFO Main 187 main - [
Title: The Lion, the Witch and the Wardrobe
Author: C.S. Lewis
ISBN: 9780064404990]
2023-05-20 12:55:03.979 INFO Main 190 main - [
Title: The Call of the Wild
Author: Jack London
ISBN: 9788838439018, 
Title: The Lion, the Witch and the Wardrobe
Author: C.S. Lewis
ISBN: 9780064404990, 
Title: To the Lighthouse
Author: Virginia Woolf
ISBN: 9780306406157]
2023-05-20 12:55:03.979 INFO Main 191 main - [Ria Barker[
Title: The Call of the Wild
Author: Jack London
ISBN: 9788838439018], Matthew Simmons[
Title: Origins
Author: Imagine Dragons
Length:40:02]]
2023-05-20 12:55:03.980 INFO mediaCenter.MediaCenter 64 printUsageCost - Please pay $1.60 for using media center resources
2023-05-20 12:55:03.980 INFO extra.ReflectionPractice 33 getClassDetails - Fields: 
2023-05-20 12:55:03.981 INFO extra.ReflectionPractice 37 lambda$getClassDetails$0 - Name: copyPrice
2023-05-20 12:55:03.981 INFO extra.ReflectionPractice 38 lambda$getClassDetails$0 - Type: float
2023-05-20 12:55:03.981 INFO extra.ReflectionPractice 39 lambda$getClassDetails$0 - Access modifier: static
2023-05-20 12:55:03.982 INFO extra.ReflectionPractice 37 lambda$getClassDetails$0 - Name: scanPrice
2023-05-20 12:55:03.982 INFO extra.ReflectionPractice 38 lambda$getClassDetails$0 - Type: float
2023-05-20 12:55:03.982 INFO extra.ReflectionPractice 39 lambda$getClassDetails$0 - Access modifier: static
2023-05-20 12:55:03.982 INFO extra.ReflectionPractice 37 lambda$getClassDetails$0 - Name: studentDiscountPercent
2023-05-20 12:55:03.982 INFO extra.ReflectionPractice 38 lambda$getClassDetails$0 - Type: byte
2023-05-20 12:55:03.982 INFO extra.ReflectionPractice 39 lambda$getClassDetails$0 - Access modifier: static
2023-05-20 12:55:03.982 INFO extra.ReflectionPractice 37 lambda$getClassDetails$0 - Name: logger
2023-05-20 12:55:03.983 INFO extra.ReflectionPractice 38 lambda$getClassDetails$0 - Type: Logger
2023-05-20 12:55:03.983 INFO extra.ReflectionPractice 39 lambda$getClassDetails$0 - Access modifier: 
2023-05-20 12:55:03.986 INFO extra.ReflectionPractice 43 getClassDetails - Constructor: 
2023-05-20 12:55:03.986 INFO extra.ReflectionPractice 45 getClassDetails - Name: mediaCenter.MediaCenter
2023-05-20 12:55:03.986 INFO extra.ReflectionPractice 46 getClassDetails - Access modifier: public
2023-05-20 12:55:03.986 INFO extra.ReflectionPractice 49 getClassDetails - Methods: 
2023-05-20 12:55:03.986 INFO extra.ReflectionPractice 53 lambda$getClassDetails$2 - Method name: getCopyPrice
2023-05-20 12:55:03.987 INFO extra.ReflectionPractice 54 lambda$getClassDetails$2 - Return type: float
2023-05-20 12:55:03.987 INFO extra.ReflectionPractice 55 lambda$getClassDetails$2 - Access modifier: public
2023-05-20 12:55:03.987 INFO extra.ReflectionPractice 53 lambda$getClassDetails$2 - Method name: getScanPrice
2023-05-20 12:55:03.987 INFO extra.ReflectionPractice 54 lambda$getClassDetails$2 - Return type: float
2023-05-20 12:55:03.987 INFO extra.ReflectionPractice 55 lambda$getClassDetails$2 - Access modifier: public
2023-05-20 12:55:03.987 INFO extra.ReflectionPractice 53 lambda$getClassDetails$2 - Method name: setCopyPrice
2023-05-20 12:55:03.987 INFO extra.ReflectionPractice 54 lambda$getClassDetails$2 - Return type: void
2023-05-20 12:55:03.987 INFO extra.ReflectionPractice 55 lambda$getClassDetails$2 - Access modifier: public
2023-05-20 12:55:03.987 INFO extra.ReflectionPractice 59 lambda$getClassDetails$1 - Name: copyPrice
2023-05-20 12:55:03.990 INFO extra.ReflectionPractice 60 lambda$getClassDetails$1 - Parameter type: float
2023-05-20 12:55:03.990 INFO extra.ReflectionPractice 53 lambda$getClassDetails$2 - Method name: setScanPrice
2023-05-20 12:55:03.990 INFO extra.ReflectionPractice 54 lambda$getClassDetails$2 - Return type: void
2023-05-20 12:55:03.990 INFO extra.ReflectionPractice 55 lambda$getClassDetails$2 - Access modifier: public
2023-05-20 12:55:03.990 INFO extra.ReflectionPractice 59 lambda$getClassDetails$1 - Name: scanPrice
2023-05-20 12:55:03.990 INFO extra.ReflectionPractice 60 lambda$getClassDetails$1 - Parameter type: float
2023-05-20 12:55:03.993 INFO extra.ReflectionPractice 53 lambda$getClassDetails$2 - Method name: getStudentDiscount
2023-05-20 12:55:03.993 INFO extra.ReflectionPractice 54 lambda$getClassDetails$2 - Return type: byte
2023-05-20 12:55:03.993 INFO extra.ReflectionPractice 55 lambda$getClassDetails$2 - Access modifier: public
2023-05-20 12:55:03.993 INFO extra.ReflectionPractice 53 lambda$getClassDetails$2 - Method name: setStudentDiscount
2023-05-20 12:55:03.993 INFO extra.ReflectionPractice 54 lambda$getClassDetails$2 - Return type: void
2023-05-20 12:55:03.993 INFO extra.ReflectionPractice 55 lambda$getClassDetails$2 - Access modifier: public
2023-05-20 12:55:03.993 INFO extra.ReflectionPractice 53 lambda$getClassDetails$2 - Method name: printUsageCost
2023-05-20 12:55:03.993 INFO extra.ReflectionPractice 54 lambda$getClassDetails$2 - Return type: void
2023-05-20 12:55:03.993 INFO extra.ReflectionPractice 55 lambda$getClassDetails$2 - Access modifier: public
2023-05-20 12:55:03.994 INFO extra.ReflectionPractice 59 lambda$getClassDetails$1 - Name: user
2023-05-20 12:55:03.994 INFO extra.ReflectionPractice 60 lambda$getClassDetails$1 - Parameter type: class user.User
2023-05-20 12:55:03.995 INFO extra.ReflectionPractice 59 lambda$getClassDetails$1 - Name: numberOfCopies
2023-05-20 12:55:03.995 INFO extra.ReflectionPractice 60 lambda$getClassDetails$1 - Parameter type: int
2023-05-20 12:55:03.995 INFO extra.ReflectionPractice 59 lambda$getClassDetails$1 - Name: numberOfScans
2023-05-20 12:55:03.995 INFO extra.ReflectionPractice 60 lambda$getClassDetails$1 - Parameter type: int
2023-05-20 12:55:03.995 INFO extra.ReflectionPractice 53 lambda$getClassDetails$2 - Method name: wait
2023-05-20 12:55:03.995 INFO extra.ReflectionPractice 54 lambda$getClassDetails$2 - Return type: void
2023-05-20 12:55:03.995 INFO extra.ReflectionPractice 55 lambda$getClassDetails$2 - Access modifier: public final
2023-05-20 12:55:03.995 INFO extra.ReflectionPractice 59 lambda$getClassDetails$1 - Name: arg0
2023-05-20 12:55:03.995 INFO extra.ReflectionPractice 60 lambda$getClassDetails$1 - Parameter type: long
2023-05-20 12:55:03.995 INFO extra.ReflectionPractice 59 lambda$getClassDetails$1 - Name: arg1
2023-05-20 12:55:03.995 INFO extra.ReflectionPractice 60 lambda$getClassDetails$1 - Parameter type: int
2023-05-20 12:55:03.995 INFO extra.ReflectionPractice 53 lambda$getClassDetails$2 - Method name: wait
2023-05-20 12:55:03.996 INFO extra.ReflectionPractice 54 lambda$getClassDetails$2 - Return type: void
2023-05-20 12:55:03.999 INFO extra.ReflectionPractice 55 lambda$getClassDetails$2 - Access modifier: public final
2023-05-20 12:55:03.999 INFO extra.ReflectionPractice 53 lambda$getClassDetails$2 - Method name: wait
2023-05-20 12:55:03.999 INFO extra.ReflectionPractice 54 lambda$getClassDetails$2 - Return type: void
2023-05-20 12:55:03.999 INFO extra.ReflectionPractice 55 lambda$getClassDetails$2 - Access modifier: public final native
2023-05-20 12:55:03.999 INFO extra.ReflectionPractice 59 lambda$getClassDetails$1 - Name: arg0
2023-05-20 12:55:03.999 INFO extra.ReflectionPractice 60 lambda$getClassDetails$1 - Parameter type: long
2023-05-20 12:55:03.999 INFO extra.ReflectionPractice 53 lambda$getClassDetails$2 - Method name: equals
2023-05-20 12:55:03.999 INFO extra.ReflectionPractice 54 lambda$getClassDetails$2 - Return type: boolean
2023-05-20 12:55:03.999 INFO extra.ReflectionPractice 55 lambda$getClassDetails$2 - Access modifier: public
2023-05-20 12:55:03.999 INFO extra.ReflectionPractice 59 lambda$getClassDetails$1 - Name: arg0
2023-05-20 12:55:03.999 INFO extra.ReflectionPractice 60 lambda$getClassDetails$1 - Parameter type: class java.lang.Object
2023-05-20 12:55:04.000 INFO extra.ReflectionPractice 53 lambda$getClassDetails$2 - Method name: toString
2023-05-20 12:55:04.000 INFO extra.ReflectionPractice 54 lambda$getClassDetails$2 - Return type: String
2023-05-20 12:55:04.000 INFO extra.ReflectionPractice 55 lambda$getClassDetails$2 - Access modifier: public
2023-05-20 12:55:04.000 INFO extra.ReflectionPractice 53 lambda$getClassDetails$2 - Method name: hashCode
2023-05-20 12:55:04.000 INFO extra.ReflectionPractice 54 lambda$getClassDetails$2 - Return type: int
2023-05-20 12:55:04.000 INFO extra.ReflectionPractice 55 lambda$getClassDetails$2 - Access modifier: public native
2023-05-20 12:55:04.000 INFO extra.ReflectionPractice 53 lambda$getClassDetails$2 - Method name: getClass
2023-05-20 12:55:04.000 INFO extra.ReflectionPractice 54 lambda$getClassDetails$2 - Return type: Class
2023-05-20 12:55:04.000 INFO extra.ReflectionPractice 55 lambda$getClassDetails$2 - Access modifier: public final native
2023-05-20 12:55:04.004 INFO extra.ReflectionPractice 53 lambda$getClassDetails$2 - Method name: notify
2023-05-20 12:55:04.004 INFO extra.ReflectionPractice 54 lambda$getClassDetails$2 - Return type: void
2023-05-20 12:55:04.004 INFO extra.ReflectionPractice 55 lambda$getClassDetails$2 - Access modifier: public final native
2023-05-20 12:55:04.004 INFO extra.ReflectionPractice 53 lambda$getClassDetails$2 - Method name: notifyAll
2023-05-20 12:55:04.004 INFO extra.ReflectionPractice 54 lambda$getClassDetails$2 - Return type: void
2023-05-20 12:55:04.005 INFO extra.ReflectionPractice 55 lambda$getClassDetails$2 - Access modifier: public final native
2023-05-20 12:55:04.005 INFO extra.ReflectionPractice 53 lambda$getClassDetails$2 - Method name: calculateUsageCost
2023-05-20 12:55:04.005 INFO extra.ReflectionPractice 54 lambda$getClassDetails$2 - Return type: double
2023-05-20 12:55:04.005 INFO extra.ReflectionPractice 55 lambda$getClassDetails$2 - Access modifier: public
2023-05-20 12:55:04.005 INFO extra.ReflectionPractice 59 lambda$getClassDetails$1 - Name: user
2023-05-20 12:55:04.005 INFO extra.ReflectionPractice 60 lambda$getClassDetails$1 - Parameter type: class user.User
2023-05-20 12:55:04.005 INFO extra.ReflectionPractice 59 lambda$getClassDetails$1 - Name: numberOfCopies
2023-05-20 12:55:04.005 INFO extra.ReflectionPractice 60 lambda$getClassDetails$1 - Parameter type: int
2023-05-20 12:55:04.006 INFO extra.ReflectionPractice 59 lambda$getClassDetails$1 - Name: numberOfScans
2023-05-20 12:55:04.006 INFO extra.ReflectionPractice 60 lambda$getClassDetails$1 - Parameter type: int
